2023-05-23 12:46:08,468 Site
2023-05-23 12:46:08,469 Site Success!

2023-05-23 12:46:08,469 SocialApp
2023-05-23 12:46:08,470 SocialApp Success!

2023-05-23 12:46:08,470 GlobalConfig
2023-05-23 12:46:08,470 GlobalConfig Success!

2023-05-23 12:46:08,471 CurrencyConfig
2023-05-23 12:46:08,471 CurrencyConfig Success!

2023-05-23 12:46:08,471 Currency
2023-05-23 12:46:08,471 Currency Success!

2023-05-23 12:46:08,471 Page
2023-05-23 12:46:08,472 Page Success!

2023-05-23 12:46:08,473 ContactConfig
2023-05-23 12:46:08,473 ContactConfig Success!

2023-05-23 12:46:08,473 AttributeCategory
2023-05-23 12:46:08,473 AttributeCategory Success!

2023-05-23 12:46:08,473 FeatureCategory
2023-05-23 12:46:08,473 FeatureCategory Success!

2023-05-23 12:46:08,474 FeatureValue
2023-05-23 12:46:08,474 FeatureValue Success!

2023-05-23 12:46:08,474 Feature
2023-05-23 12:46:08,474 Feature Success!

2023-05-23 12:46:08,474 ItemUnit
2023-05-23 12:46:08,475 ItemUnit Success!

2023-05-23 12:46:08,475 ItemBrand
2023-05-23 12:46:08,476 ItemBrand Success!

2023-05-23 12:46:08,476 ItemManufacturer
2023-05-23 12:46:08,476 ItemManufacturer Success!

2023-05-23 12:46:08,476 ItemStock
2023-05-23 12:46:08,476 ItemStock Success!

2023-05-23 12:46:08,477 CatalogConfig
2023-05-23 12:46:08,477 CatalogConfig Success!

2023-05-23 12:46:08,477 OrderConfig
2023-05-23 12:46:08,477 OrderConfig Success!

2023-05-23 12:46:08,477 SettlementType
2023-05-23 12:46:08,500 Imported: 4 of 4
2023-05-23 12:46:08,501 SettlementType Success!

2023-05-23 12:46:08,501 WarehouseType
2023-05-23 12:46:08,513 Imported: 5 of 5
2023-05-23 12:46:08,514 WarehouseType Success!

2023-05-23 12:46:08,515 Area
2023-05-23 12:46:08,560 Imported: 25 of 25
2023-05-23 12:46:08,561 Area Success!

2023-05-23 12:46:08,562 ProjectUser
2023-05-23 12:46:08,562 ProjectUser Success!

2023-05-23 12:46:08,563 Theme
2023-05-23 12:46:08,565 Theme Success!

2023-05-23 12:46:08,565 FlatPage
2023-05-23 12:46:08,565 FlatPage Success!

2023-05-23 12:46:08,565 Token
2023-05-23 12:46:08,566 Token Success!

2023-05-23 12:46:08,566 TokenProxy
2023-05-23 12:46:08,566 TokenProxy Success!

2023-05-23 12:46:08,566 GlobalTag
2023-05-23 12:46:08,567 GlobalTag Success!

2023-05-23 12:46:08,567 GlobalLabel
2023-05-23 12:46:08,568 GlobalLabel Success!

2023-05-23 12:46:08,568 GlobalMarker
2023-05-23 12:46:08,568 GlobalMarker Success!

2023-05-23 12:46:08,568 Faq
2023-05-23 12:46:08,569 Faq Success!

2023-05-23 12:46:08,569 Contact
2023-05-23 12:46:08,570 Contact Success!

2023-05-23 12:46:08,570 ItemAttributeValue
2023-05-23 12:46:08,571 ItemAttributeValue Success!

2023-05-23 12:46:08,571 CatalogueConfig
2023-05-23 12:46:08,571 CatalogueConfig Success!

2023-05-23 12:46:08,571 Item
2023-05-23 12:46:08,574 Item Success!

2023-05-23 12:46:08,574 Order
2023-05-23 12:46:08,575 Order Success!

2023-05-23 12:46:08,575 CartItemAttribute
2023-05-23 12:46:08,576 CartItemAttribute Success!

2023-05-23 12:46:08,576 Coupon
2023-05-23 12:46:08,576 Coupon Success!

2023-05-23 12:46:08,577 LiqpayConfig
2023-05-23 12:46:08,577 LiqpayConfig Success!

2023-05-23 12:46:08,577 LiqpayTransaction
2023-05-23 12:46:08,579 LiqpayTransaction Success!

2023-05-23 12:46:08,579 Banner
2023-05-23 12:46:08,579 Banner Success!

2023-05-23 12:46:08,579 BigBanner
2023-05-23 12:46:08,580 BigBanner Success!

2023-05-23 12:46:08,580 ConsultationContact
2023-05-23 12:46:08,580 ConsultationContact Success!

2023-05-23 12:46:08,580 AddresContactForm
2023-05-23 12:46:08,581 AddresContactForm Success!

2023-05-23 12:46:08,581 FooterPhone
2023-05-23 12:46:08,581 FooterPhone Success!

2023-05-23 12:46:08,581 FooterAddres
2023-05-23 12:46:08,581 FooterAddres Success!

2023-05-23 12:46:08,581 Redirect
2023-05-23 12:46:08,581 Redirect Success!

2023-05-23 12:46:08,582 GlobalRecipientEmail
2023-05-23 12:46:08,582 GlobalRecipientEmail Success!

2023-05-23 12:46:08,582 SeoScript
2023-05-23 12:46:08,582 SeoScript Success!

2023-05-23 12:46:08,582 ParseCurrency
2023-05-23 12:46:08,583 ParseCurrency Success!

2023-05-23 12:46:08,583 OrderAdditionalPrice
2023-05-23 12:46:08,583 OrderAdditionalPrice Success!

2023-05-23 12:46:08,583 Payment
2023-05-23 12:46:08,583 Payment Success!

2023-05-23 12:46:08,583 ItemReview
2023-05-23 12:46:08,584 ItemReview Success!

2023-05-23 12:46:08,584 UnrealContent
2023-05-23 12:46:08,584 UnrealContent Success!

2023-05-23 12:46:08,585 Map
2023-05-23 12:46:08,585 Map Success!

2023-05-23 12:46:08,585 Img
2023-05-23 12:46:08,586 Img Success!

2023-05-23 12:46:08,586 Text
2023-05-23 12:46:08,586 Text Success!

2023-05-23 12:46:08,586 Address
2023-05-23 12:46:08,586 Address Success!

2023-05-23 12:46:08,587 Tel
2023-05-23 12:46:08,587 Tel Success!

2023-05-23 12:46:08,587 Mailto
2023-05-23 12:46:08,588 Mailto Success!

2023-05-23 12:46:08,588 Link
2023-05-23 12:46:08,588 Link Success!

2023-05-23 12:46:08,588 Slider
2023-05-23 12:46:08,588 Slider Success!

2023-05-23 12:46:08,589 ContactRecipientEmail
2023-05-23 12:46:08,589 ContactRecipientEmail Success!

2023-05-23 12:46:08,589 Attribute
2023-05-23 12:46:08,589 Attribute Success!

2023-05-23 12:46:08,589 CatalogRecipientEmail
2023-05-23 12:46:08,590 CatalogRecipientEmail Success!

2023-05-23 12:46:08,590 OrderRecipientEmail
2023-05-23 12:46:08,590 OrderRecipientEmail Success!

2023-05-23 12:46:08,590 OrderStatus
2023-05-23 12:46:08,590 OrderStatus Success!

2023-05-23 12:46:08,590 Settlement
2023-05-23 12:46:36,206 Imported: 8545 of 8545
2023-05-23 12:46:36,328 Settlement Success!

2023-05-23 12:46:36,328 Warehouse
2023-05-23 12:47:52,924 Imported: 23134 of 23134
2023-05-23 12:47:53,254 Warehouse Success!

2023-05-23 12:47:53,254 EmailAddress
2023-05-23 12:47:53,265 EmailAddress Success!

2023-05-23 12:47:53,265 SocialAccount
2023-05-23 12:47:53,266 SocialAccount Success!

2023-05-23 12:47:53,266 Cart
2023-05-23 12:47:53,267 Cart Success!

2023-05-23 12:47:53,267 SocialToken
2023-05-23 12:47:53,267 SocialToken Success!

2023-05-23 12:47:53,267 ItemAttribute
2023-05-23 12:47:53,267 ItemAttribute Success!

2023-05-23 12:47:53,267 ItemFeature
2023-05-23 12:47:53,268 ItemFeature Success!

2023-05-23 12:47:53,268 ItemView
2023-05-23 12:47:53,268 ItemView Success!

2023-05-23 12:47:53,268 ItemImage
2023-05-23 12:47:53,269 ItemImage Success!

2023-05-23 12:47:53,269 ItemRequest
2023-05-23 12:47:53,269 ItemRequest Success!

2023-05-23 12:47:53,269 CartItem
2023-05-23 12:47:53,270 CartItem Success!

2023-05-23 12:47:53,270 FavourItem
2023-05-23 12:47:53,270 FavourItem Success!

2023-05-23 12:47:53,270 Slide
2023-05-23 12:47:53,271 Slide Success!

2023-05-23 12:47:53,271 AttributeValue
2023-05-23 12:47:53,271 AttributeValue Success!

2023-05-23 12:47:53,271 EmailConfirmation
2023-05-23 12:47:53,271 EmailConfirmation Success!

2023-05-23 12:47:53,271 ItemCategory
2023-05-23 12:47:53,273 ItemCategory Success!

2023-11-17 16:09:30,381 Site
2023-11-17 16:09:30,398 Site Success!

2023-11-17 16:09:30,400 SocialApp
2023-11-17 16:09:30,472 SocialApp Success!

2023-11-17 16:09:30,473 GlobalConfig
2023-11-17 16:09:30,588 GlobalConfig Success!

2023-11-17 16:09:30,590 CurrencyConfig
2023-11-17 16:09:30,603 CurrencyConfig Success!

2023-11-17 16:09:30,604 Currency
2023-11-17 16:09:30,645 Currency Success!

2023-11-17 16:09:30,647 Page
2023-11-17 16:09:30,820 Page Success!

2023-11-17 16:09:30,821 ContactConfig
2023-11-17 16:09:30,829 ContactConfig Success!

2023-11-17 16:09:30,830 AttributeCategory
2023-11-17 16:09:30,874 AttributeCategory Success!

2023-11-17 16:09:30,876 FeatureCategory
2023-11-17 16:09:30,914 FeatureCategory Success!

2023-11-17 16:09:30,915 FeatureValue
2023-11-17 16:09:30,964 FeatureValue Success!

2023-11-17 16:09:30,965 Feature
2023-11-17 16:09:31,009 Feature Success!

2023-11-17 16:09:31,010 ItemUnit
2023-11-17 16:09:31,041 ItemUnit Success!

2023-11-17 16:09:31,043 ItemBrand
2023-11-17 16:09:31,208 ItemBrand Success!

2023-11-17 16:09:31,210 ItemManufacturer
2023-11-17 16:09:31,253 ItemManufacturer Success!

2023-11-17 16:09:31,254 ItemStock
2023-11-17 16:09:31,294 ItemStock Success!

2023-11-17 16:09:31,295 CatalogConfig
2023-11-17 16:09:31,301 CatalogConfig Success!

2023-11-17 16:09:31,302 OrderConfig
2023-11-17 16:09:31,311 OrderConfig Success!

2023-11-17 16:09:31,312 SettlementType
2023-11-17 16:09:31,380 Imported: 4 of 4
2023-11-17 16:09:31,387 SettlementType Success!

2023-11-17 16:09:31,388 WarehouseType
2023-11-17 16:09:31,429 Imported: 5 of 5
2023-11-17 16:09:31,440 WarehouseType Success!

2023-11-17 16:09:31,443 Area
2023-11-17 16:09:31,523 Imported: 25 of 25
2023-11-17 16:09:31,535 Area Success!

2023-11-17 16:09:31,536 ProjectUser
2023-11-17 16:09:31,595 ProjectUser Success!

2023-11-17 16:09:31,596 Theme
2023-11-17 16:09:31,769 Theme Success!

2023-11-17 16:09:31,770 FlatPage
2023-11-17 16:09:31,795 FlatPage Success!

2023-11-17 16:09:31,796 Token
2023-11-17 16:09:31,804 Token Success!

2023-11-17 16:09:31,805 TokenProxy
2023-11-17 16:09:31,813 TokenProxy Success!

2023-11-17 16:09:31,814 GlobalTag
2023-11-17 16:09:31,856 GlobalTag Success!

2023-11-17 16:09:31,857 GlobalLabel
2023-11-17 16:09:31,899 GlobalLabel Success!

2023-11-17 16:09:31,900 GlobalMarker
2023-11-17 16:09:31,937 GlobalMarker Success!

2023-11-17 16:09:31,938 Faq
2023-11-17 16:09:32,002 Faq Success!

2023-11-17 16:09:32,003 Contact
2023-11-17 16:09:32,044 Contact Success!

2023-11-17 16:09:32,045 ItemAttributeValue
2023-11-17 16:09:32,077 ItemAttributeValue Success!

2023-11-17 16:09:32,078 CatalogueConfig
2023-11-17 16:09:32,085 CatalogueConfig Success!

2023-11-17 16:09:32,086 Item
2023-11-17 16:09:32,257 Item Success!

2023-11-17 16:09:32,259 Order
2023-11-17 16:09:32,365 Order Success!

2023-11-17 16:09:32,367 CartItemAttribute
2023-11-17 16:09:32,376 CartItemAttribute Success!

2023-11-17 16:09:32,377 Coupon
2023-11-17 16:09:32,403 Coupon Success!

2023-11-17 16:09:32,404 LiqpayConfig
2023-11-17 16:09:32,442 LiqpayConfig Success!

2023-11-17 16:09:32,443 LiqpayTransaction
2023-11-17 16:09:32,670 LiqpayTransaction Success!

2023-11-17 16:09:32,670 Banner
2023-11-17 16:09:32,698 Banner Success!

2023-11-17 16:09:32,700 BigBanner
2023-11-17 16:09:32,735 BigBanner Success!

2023-11-17 16:09:32,736 ConsultationContact
2023-11-17 16:09:32,765 ConsultationContact Success!

2023-11-17 16:09:32,767 AddresContactForm
2023-11-17 16:09:32,791 AddresContactForm Success!

2023-11-17 16:09:32,792 FooterPhone
2023-11-17 16:09:32,811 FooterPhone Success!

2023-11-17 16:09:32,811 FooterAddres
2023-11-17 16:09:32,824 FooterAddres Success!

2023-11-17 16:09:32,825 Redirect
2023-11-17 16:09:32,842 Redirect Success!

2023-11-17 16:09:32,844 GlobalRecipientEmail
2023-11-17 16:09:32,857 GlobalRecipientEmail Success!

2023-11-17 16:09:32,859 SeoScript
2023-11-17 16:09:32,884 SeoScript Success!

2023-11-17 16:09:32,885 ParseCurrency
2023-11-17 16:09:32,898 ParseCurrency Success!

2023-11-17 16:09:32,899 OrderAdditionalPrice
2023-11-17 16:09:32,915 OrderAdditionalPrice Success!

2023-11-17 16:09:32,917 Payment
2023-11-17 16:09:32,927 Payment Success!

2023-11-17 16:09:32,928 ItemReview
2023-11-17 16:09:32,978 ItemReview Success!

2023-11-17 16:09:32,979 UnrealContent
2023-11-17 16:09:33,033 UnrealContent Success!

2023-11-17 16:09:33,035 Map
2023-11-17 16:09:33,068 Map Success!

2023-11-17 16:09:33,069 Img
2023-11-17 16:09:33,110 Img Success!

2023-11-17 16:09:33,111 Text
2023-11-17 16:09:33,147 Text Success!

2023-11-17 16:09:33,148 Address
2023-11-17 16:09:33,189 Address Success!

2023-11-17 16:09:33,190 Tel
2023-11-17 16:09:33,230 Tel Success!

2023-11-17 16:09:33,231 Mailto
2023-11-17 16:09:33,273 Mailto Success!

2023-11-17 16:09:33,275 Link
2023-11-17 16:09:33,316 Link Success!

2023-11-17 16:09:33,317 Slider
2023-11-17 16:09:33,338 Slider Success!

2023-11-17 16:09:33,339 ContactRecipientEmail
2023-11-17 16:09:33,353 ContactRecipientEmail Success!

2023-11-17 16:09:33,354 Attribute
2023-11-17 16:09:33,389 Attribute Success!

2023-11-17 16:09:33,390 CatalogRecipientEmail
2023-11-17 16:09:33,404 CatalogRecipientEmail Success!

2023-11-17 16:09:33,405 OrderRecipientEmail
2023-11-17 16:09:33,418 OrderRecipientEmail Success!

2023-11-17 16:09:33,419 OrderStatus
2023-11-17 16:09:33,455 OrderStatus Success!

2023-11-17 16:09:33,456 Settlement
2023-11-17 16:09:57,403 Imported: 8545 of 8545
2023-11-17 16:09:57,443 Settlement Success!

2023-11-17 16:09:57,444 Warehouse
2023-12-03 14:02:15,022 Site
2023-12-03 14:02:15,046 Site Success!

2023-12-03 14:02:15,047 SocialApp
2023-12-03 14:02:15,055 SocialApp Success!

2023-12-03 14:02:15,055 GlobalConfig
2023-12-03 14:02:15,073 GlobalConfig Success!

2023-12-03 14:02:15,074 CurrencyConfig
2023-12-03 14:02:15,078 CurrencyConfig Success!

2023-12-03 14:02:15,079 Currency
2023-12-03 14:02:15,087 Currency Success!

2023-12-03 14:02:15,087 Page
2023-12-03 14:02:15,121 Page Success!

2023-12-03 14:02:15,121 ContactConfig
2023-12-03 14:02:15,123 ContactConfig Success!

2023-12-03 14:02:15,123 AttributeCategory
2023-12-03 14:02:15,130 AttributeCategory Success!

2023-12-03 14:02:15,131 FeatureCategory
2023-12-03 14:02:15,138 FeatureCategory Success!

2023-12-03 14:02:15,139 FeatureValue
2023-12-03 14:02:15,149 FeatureValue Success!

2023-12-03 14:02:15,150 Feature
2023-12-03 14:02:15,158 Feature Success!

2023-12-03 14:02:15,158 ItemUnit
2023-12-03 14:02:15,164 ItemUnit Success!

2023-12-03 14:02:15,165 ItemBrand
2023-12-03 14:02:15,197 ItemBrand Success!

2023-12-03 14:02:15,197 ItemManufacturer
2023-12-03 14:02:15,204 ItemManufacturer Success!

2023-12-03 14:02:15,204 ItemStock
2023-12-03 14:02:15,213 ItemStock Success!

2023-12-03 14:02:15,214 CatalogConfig
2023-12-03 14:02:15,216 CatalogConfig Success!

2023-12-03 14:02:15,216 OrderConfig
2023-12-03 14:02:15,217 OrderConfig Success!

2023-12-03 14:02:15,217 SettlementType
2023-12-03 14:02:15,263 Imported: 4 of 4
2023-12-03 14:02:15,265 SettlementType Success!

2023-12-03 14:02:15,266 WarehouseType
2023-12-03 14:02:15,285 Imported: 5 of 5
2023-12-03 14:02:15,301 WarehouseType Success!

2023-12-03 14:02:15,301 Area
2023-12-03 14:02:15,328 Imported: 25 of 25
2023-12-03 14:02:15,330 Area Success!

2023-12-03 14:02:15,331 ProjectUser
2023-12-03 14:02:15,342 ProjectUser Success!

2023-12-03 14:02:15,343 Theme
2023-12-03 14:02:15,376 Theme Success!

2023-12-03 14:02:15,377 FlatPage
2023-12-03 14:02:15,382 FlatPage Success!

2023-12-03 14:02:15,382 Token
2023-12-03 14:02:15,384 Token Success!

2023-12-03 14:02:15,385 TokenProxy
2023-12-03 14:02:15,386 TokenProxy Success!

2023-12-03 14:02:15,386 GlobalTag
2023-12-03 14:02:15,394 GlobalTag Success!

2023-12-03 14:02:15,394 GlobalLabel
2023-12-03 14:02:15,403 GlobalLabel Success!

2023-12-03 14:02:15,403 GlobalMarker
2023-12-03 14:02:15,411 GlobalMarker Success!

2023-12-03 14:02:15,412 Faq
2023-12-03 14:02:15,425 Faq Success!

2023-12-03 14:02:15,425 Contact
2023-12-03 14:02:15,433 Contact Success!

2023-12-03 14:02:15,434 ItemAttributeValue
2023-12-03 14:02:15,440 ItemAttributeValue Success!

2023-12-03 14:02:15,441 CatalogueConfig
2023-12-03 14:02:15,443 CatalogueConfig Success!

2023-12-03 14:02:15,443 Item
2023-12-03 14:02:15,479 Item Success!

2023-12-03 14:02:15,480 Order
2023-12-03 14:02:15,502 Order Success!

2023-12-03 14:02:15,502 CartItemAttribute
2023-12-03 14:02:15,504 CartItemAttribute Success!

2023-12-03 14:02:15,505 Coupon
2023-12-03 14:02:15,512 Coupon Success!

2023-12-03 14:02:15,513 LiqpayConfig
2023-12-03 14:02:15,523 LiqpayConfig Success!

2023-12-03 14:02:15,524 LiqpayTransaction
2023-12-03 14:02:15,610 LiqpayTransaction Success!

2023-12-03 14:02:15,610 Banner
2023-12-03 14:02:15,623 Banner Success!

2023-12-03 14:02:15,624 BigBanner
2023-12-03 14:02:15,639 BigBanner Success!

2023-12-03 14:02:15,639 ConsultationContact
2023-12-03 14:02:15,648 ConsultationContact Success!

2023-12-03 14:02:15,666 AddresContactForm
2023-12-03 14:02:15,675 AddresContactForm Success!

2023-12-03 14:02:15,676 FooterPhone
2023-12-03 14:02:15,682 FooterPhone Success!

2023-12-03 14:02:15,683 FooterAddres
2023-12-03 14:02:15,686 FooterAddres Success!

2023-12-03 14:02:15,687 Redirect
2023-12-03 14:02:15,693 Redirect Success!

2023-12-03 14:02:15,694 GlobalRecipientEmail
2023-12-03 14:02:15,700 GlobalRecipientEmail Success!

2023-12-03 14:02:15,701 SeoScript
2023-12-03 14:02:15,709 SeoScript Success!

2023-12-03 14:02:15,709 ParseCurrency
2023-12-03 14:02:15,713 ParseCurrency Success!

2023-12-03 14:02:15,714 OrderAdditionalPrice
2023-12-03 14:02:15,742 OrderAdditionalPrice Success!

2023-12-03 14:02:15,743 Payment
2023-12-03 14:02:15,744 Payment Success!

2023-12-03 14:02:15,745 ItemReview
2023-12-03 14:02:15,752 ItemReview Success!

2023-12-03 14:02:15,752 UnrealContent
2023-12-03 14:02:15,761 UnrealContent Success!

2023-12-03 14:02:15,761 Map
2023-12-03 14:02:15,767 Map Success!

2023-12-03 14:02:15,767 Img
2023-12-03 14:02:15,775 Img Success!

2023-12-03 14:02:15,776 Text
2023-12-03 14:02:15,782 Text Success!

2023-12-03 14:02:15,783 Address
2023-12-03 14:02:15,791 Address Success!

2023-12-03 14:02:15,792 Tel
2023-12-03 14:02:15,802 Tel Success!

2023-12-03 14:02:15,802 Mailto
2023-12-03 14:02:15,810 Mailto Success!

2023-12-03 14:02:15,811 Link
2023-12-03 14:02:15,820 Link Success!

2023-12-03 14:02:15,820 Slider
2023-12-03 14:02:15,824 Slider Success!

2023-12-03 14:02:15,824 ContactRecipientEmail
2023-12-03 14:02:15,827 ContactRecipientEmail Success!

2023-12-03 14:02:15,828 Attribute
2023-12-03 14:02:15,835 Attribute Success!

2023-12-03 14:02:15,835 CatalogRecipientEmail
2023-12-03 14:02:15,839 CatalogRecipientEmail Success!

2023-12-03 14:02:15,839 OrderRecipientEmail
2023-12-03 14:02:15,842 OrderRecipientEmail Success!

2023-12-03 14:02:15,842 OrderStatus
2023-12-03 14:02:15,849 OrderStatus Success!

2023-12-03 14:02:15,850 Settlement
2023-12-03 14:02:24,968 Imported: 8545 of 8545
2023-12-03 14:02:25,003 Settlement Success!

2023-12-03 14:02:25,004 Warehouse
2023-12-03 14:02:51,718 Imported: 23134 of 23134
2023-12-03 14:02:51,772 Warehouse Success!

2023-12-03 14:02:51,772 EmailAddress
2023-12-03 14:02:51,778 EmailAddress Success!

2023-12-03 14:02:51,778 SocialAccount
2023-12-03 14:02:51,787 SocialAccount Success!

2023-12-03 14:02:51,787 Cart
2023-12-03 14:02:51,789 Cart Success!

2023-12-03 14:02:51,790 SocialToken
2023-12-03 14:02:51,794 SocialToken Success!

2023-12-03 14:02:51,794 ItemAttribute
2023-12-03 14:02:51,797 ItemAttribute Success!

2023-12-03 14:02:51,797 ItemFeature
2023-12-03 14:02:51,800 ItemFeature Success!

2023-12-03 14:02:51,801 ItemView
2023-12-03 14:02:51,805 ItemView Success!

2023-12-03 14:02:51,805 ItemImage
2023-12-03 14:02:51,815 ItemImage Success!

2023-12-03 14:02:51,816 ItemRequest
2023-12-03 14:02:51,823 ItemRequest Success!

2023-12-03 14:02:51,823 CartItem
2023-12-03 14:02:51,826 CartItem Success!

2023-12-03 14:02:51,826 FavourItem
2023-12-03 14:02:51,828 FavourItem Success!

2023-12-03 14:02:51,828 Slide
2023-12-03 14:02:51,845 Slide Success!

2023-12-03 14:02:51,846 AttributeValue
2023-12-03 14:02:51,853 AttributeValue Success!

2023-12-03 14:02:51,854 EmailConfirmation
2023-12-03 14:02:51,857 EmailConfirmation Success!

2023-12-03 14:02:51,858 ItemCategory
2023-12-03 14:02:51,895 ItemCategory Success!

2023-12-14 20:20:22,535 Site
2023-12-14 20:20:22,538 Site Success!

2023-12-14 20:20:22,539 SocialApp
2023-12-14 20:20:22,548 SocialApp Success!

2023-12-14 20:20:22,548 GlobalConfig
2023-12-14 20:20:22,565 GlobalConfig Success!

2023-12-14 20:20:22,566 CurrencyConfig
2023-12-14 20:20:22,569 CurrencyConfig Success!

2023-12-14 20:20:22,569 Currency
2023-12-14 20:20:22,578 Currency Success!

2023-12-14 20:20:22,580 Page
2023-12-14 20:20:22,609 Page Success!

2023-12-14 20:20:22,609 ContactConfig
2023-12-14 20:20:22,610 ContactConfig Success!

2023-12-14 20:20:22,611 AttributeCategory
2023-12-14 20:20:22,618 AttributeCategory Success!

2023-12-14 20:20:22,618 FeatureCategory
2023-12-14 20:20:22,626 FeatureCategory Success!

2023-12-14 20:20:22,627 FeatureValue
2023-12-14 20:20:22,634 FeatureValue Success!

2023-12-14 20:20:22,635 Feature
2023-12-14 20:20:22,643 Feature Success!

2023-12-14 20:20:22,643 ItemUnit
2023-12-14 20:20:22,648 ItemUnit Success!

2023-12-14 20:20:22,650 ItemBrand
2023-12-14 20:20:22,679 ItemBrand Success!

2023-12-14 20:20:22,679 ItemManufacturer
2023-12-14 20:20:22,685 ItemManufacturer Success!

2023-12-14 20:20:22,686 ItemStock
2023-12-14 20:20:22,693 ItemStock Success!

2023-12-14 20:20:22,693 ItemColor
2023-12-14 20:20:22,697 ItemColor Success!

2023-12-14 20:20:22,698 CatalogConfig
2023-12-14 20:20:22,699 CatalogConfig Success!

2023-12-14 20:20:22,700 OrderConfig
2023-12-14 20:20:22,702 OrderConfig Success!

2023-12-14 20:20:22,702 SettlementType
2023-12-14 20:20:22,721 Imported: 4 of 4
2023-12-14 20:20:22,723 SettlementType Success!

2023-12-14 20:20:22,723 WarehouseType
2023-12-14 20:20:22,744 Imported: 5 of 5
2023-12-14 20:20:22,747 WarehouseType Success!

2023-12-14 20:20:22,748 Area
2023-12-14 20:20:22,773 Imported: 25 of 25
2023-12-14 20:20:22,775 Area Success!

2023-12-14 20:20:22,775 ProjectUser
2023-12-14 20:20:22,788 ProjectUser Success!

2023-12-14 20:20:22,788 Theme
2023-12-14 20:20:22,820 Theme Success!

2023-12-14 20:20:22,820 FlatPage
2023-12-14 20:20:22,825 FlatPage Success!

2023-12-14 20:20:22,826 Token
2023-12-14 20:20:22,827 Token Success!

2023-12-14 20:20:22,828 TokenProxy
2023-12-14 20:20:22,829 TokenProxy Success!

2023-12-14 20:20:22,829 GlobalTag
2023-12-14 20:20:22,836 GlobalTag Success!

2023-12-14 20:20:22,836 GlobalLabel
2023-12-14 20:20:22,843 GlobalLabel Success!

2023-12-14 20:20:22,843 GlobalMarker
2023-12-14 20:20:22,850 GlobalMarker Success!

2023-12-14 20:20:22,850 Faq
2023-12-14 20:20:22,861 Faq Success!

2023-12-14 20:20:22,861 Contact
2023-12-14 20:20:22,869 Contact Success!

2023-12-14 20:20:22,869 ItemAttributeValue
2023-12-14 20:20:22,875 ItemAttributeValue Success!

2023-12-14 20:20:22,875 CatalogueConfig
2023-12-14 20:20:22,878 CatalogueConfig Success!

2023-12-14 20:20:22,879 Item
2023-12-14 20:20:22,910 Item Success!

2023-12-14 20:20:22,911 Order
2023-12-14 20:20:22,927 Order Success!

2023-12-14 20:20:22,927 CartItemAttribute
2023-12-14 20:20:22,929 CartItemAttribute Success!

2023-12-14 20:20:22,929 Coupon
2023-12-14 20:20:22,933 Coupon Success!

2023-12-14 20:20:22,933 LiqpayConfig
2023-12-14 20:20:22,940 LiqpayConfig Success!

2023-12-14 20:20:22,940 LiqpayTransaction
2023-12-14 20:20:22,981 LiqpayTransaction Success!

2023-12-14 20:20:22,981 Banner
2023-12-14 20:20:22,987 Banner Success!

2023-12-14 20:20:22,988 BigBanner
2023-12-14 20:20:22,994 BigBanner Success!

2023-12-14 20:20:22,994 ConsultationContact
2023-12-14 20:20:23,001 ConsultationContact Success!

2023-12-14 20:20:23,002 AddresContactForm
2023-12-14 20:20:23,006 AddresContactForm Success!

2023-12-14 20:20:23,007 FooterPhone
2023-12-14 20:20:23,012 FooterPhone Success!

2023-12-14 20:20:23,012 FooterAddres
2023-12-14 20:20:23,016 FooterAddres Success!

2023-12-14 20:20:23,016 Redirect
2023-12-14 20:20:23,019 Redirect Success!

2023-12-14 20:20:23,019 GlobalRecipientEmail
2023-12-14 20:20:23,021 GlobalRecipientEmail Success!

2023-12-14 20:20:23,022 SeoScript
2023-12-14 20:20:23,026 SeoScript Success!

2023-12-14 20:20:23,027 ParseCurrency
2023-12-14 20:20:23,030 ParseCurrency Success!

2023-12-14 20:20:23,030 OrderAdditionalPrice
2023-12-14 20:20:23,033 OrderAdditionalPrice Success!

2023-12-14 20:20:23,033 Payment
2023-12-14 20:20:23,035 Payment Success!

2023-12-14 20:20:23,036 ItemReview
2023-12-14 20:20:23,045 ItemReview Success!

2023-12-14 20:20:23,045 UnrealContent
2023-12-14 20:20:23,053 UnrealContent Success!

2023-12-14 20:20:23,054 Map
2023-12-14 20:20:23,058 Map Success!

2023-12-14 20:20:23,058 Img
2023-12-14 20:20:23,067 Img Success!

2023-12-14 20:20:23,068 Text
2023-12-14 20:20:23,075 Text Success!

2023-12-14 20:20:23,076 Address
2023-12-14 20:20:23,083 Address Success!

2023-12-14 20:20:23,084 Tel
2023-12-14 20:20:23,091 Tel Success!

2023-12-14 20:20:23,091 Mailto
2023-12-14 20:20:23,098 Mailto Success!

2023-12-14 20:20:23,099 Link
2023-12-14 20:20:23,107 Link Success!

2023-12-14 20:20:23,107 Slider
2023-12-14 20:20:23,111 Slider Success!

2023-12-14 20:20:23,111 ContactRecipientEmail
2023-12-14 20:20:23,115 ContactRecipientEmail Success!

2023-12-14 20:20:23,116 Attribute
2023-12-14 20:20:23,122 Attribute Success!

2023-12-14 20:20:23,122 CatalogRecipientEmail
2023-12-14 20:20:23,127 CatalogRecipientEmail Success!

2023-12-14 20:20:23,127 OrderRecipientEmail
2023-12-14 20:20:23,130 OrderRecipientEmail Success!

2023-12-14 20:20:23,131 OrderStatus
2023-12-14 20:20:23,137 OrderStatus Success!

2023-12-14 20:20:23,137 Settlement
2023-12-14 20:20:33,484 Imported: 8545 of 8545
2023-12-14 20:20:33,491 Settlement Success!

2023-12-14 20:20:33,492 Warehouse
2023-12-14 20:21:02,670 Imported: 23134 of 23134
2023-12-14 20:21:02,698 Warehouse Success!

2023-12-14 20:21:02,699 EmailAddress
2023-12-14 20:21:02,707 EmailAddress Success!

2023-12-14 20:21:02,707 SocialAccount
2023-12-14 20:21:02,712 SocialAccount Success!

2023-12-14 20:21:02,712 Cart
2023-12-14 20:21:02,714 Cart Success!

2023-12-14 20:21:02,714 SocialToken
2023-12-14 20:21:02,719 SocialToken Success!

2023-12-14 20:21:02,719 ItemAttribute
2023-12-14 20:21:02,720 ItemAttribute Success!

2023-12-14 20:21:02,721 ItemFeature
2023-12-14 20:21:02,724 ItemFeature Success!

2023-12-14 20:21:02,724 ItemView
2023-12-14 20:21:02,728 ItemView Success!

2023-12-14 20:21:02,728 ItemImage
2023-12-14 20:21:02,735 ItemImage Success!

2023-12-14 20:21:02,735 ItemRequest
2023-12-14 20:21:02,742 ItemRequest Success!

2023-12-14 20:21:02,742 CartItem
2023-12-14 20:21:02,744 CartItem Success!

2023-12-14 20:21:02,745 FavourItem
2023-12-14 20:21:02,746 FavourItem Success!

2023-12-14 20:21:02,747 Slide
2023-12-14 20:21:02,764 Slide Success!

2023-12-14 20:21:02,765 AttributeValue
2023-12-14 20:21:02,772 AttributeValue Success!

2023-12-14 20:21:02,773 EmailConfirmation
2023-12-14 20:21:02,775 EmailConfirmation Success!

2023-12-14 20:21:02,775 ItemCategory
2023-12-14 20:21:02,804 ItemCategory Success!

2023-12-21 19:36:16,856 Site
2023-12-21 19:36:16,861 Site Success!

2023-12-21 19:36:16,862 SocialApp
2023-12-21 19:36:16,869 SocialApp Success!

2023-12-21 19:36:16,870 GlobalConfig
2023-12-21 19:36:16,886 GlobalConfig Success!

2023-12-21 19:36:16,886 CurrencyConfig
2023-12-21 19:36:16,890 CurrencyConfig Success!

2023-12-21 19:36:16,890 Currency
2023-12-21 19:36:16,896 Currency Success!

2023-12-21 19:36:16,897 Page
2023-12-21 19:36:16,923 Page Success!

2023-12-21 19:36:16,924 ContactConfig
2023-12-21 19:36:16,926 ContactConfig Success!

2023-12-21 19:36:16,926 AttributeCategory
2023-12-21 19:36:16,931 AttributeCategory Success!

2023-12-21 19:36:16,931 FeatureCategory
2023-12-21 19:36:16,937 FeatureCategory Success!

2023-12-21 19:36:16,939 FeatureValue
2023-12-21 19:36:16,946 FeatureValue Success!

2023-12-21 19:36:16,946 Feature
2023-12-21 19:36:16,953 Feature Success!

2023-12-21 19:36:16,954 ItemUnit
2023-12-21 19:36:16,961 ItemUnit Success!

2023-12-21 19:36:16,961 ItemBrand
2023-12-21 19:36:16,987 ItemBrand Success!

2023-12-21 19:36:16,988 ItemManufacturer
2023-12-21 19:36:16,995 ItemManufacturer Success!

2023-12-21 19:36:16,995 ItemStock
2023-12-21 19:36:17,002 ItemStock Success!

2023-12-21 19:36:17,003 ItemColor
2023-12-21 19:36:17,006 ItemColor Success!

2023-12-21 19:36:17,007 CatalogConfig
2023-12-21 19:36:17,008 CatalogConfig Success!

2023-12-21 19:36:17,009 OrderConfig
2023-12-21 19:36:17,011 OrderConfig Success!

2023-12-21 19:36:17,011 SettlementType
2023-12-21 19:36:17,030 Imported: 4 of 4
2023-12-21 19:36:17,032 SettlementType Success!

2023-12-21 19:36:17,032 WarehouseType
2023-12-21 19:36:17,046 Imported: 5 of 5
2023-12-21 19:36:17,049 WarehouseType Success!

2023-12-21 19:36:17,049 Area
2023-12-21 19:36:17,070 Imported: 25 of 25
2023-12-21 19:36:17,072 Area Success!

2023-12-21 19:36:17,072 ProjectUser
2023-12-21 19:36:17,083 ProjectUser Success!

2023-12-21 19:36:17,083 Theme
2023-12-21 19:36:17,113 Theme Success!

2023-12-21 19:36:17,113 FlatPage
2023-12-21 19:36:17,119 FlatPage Success!

2023-12-21 19:36:17,120 Token
2023-12-21 19:36:17,121 Token Success!

2023-12-21 19:36:17,121 TokenProxy
2023-12-21 19:36:17,122 TokenProxy Success!

2023-12-21 19:36:17,123 GlobalTag
2023-12-21 19:36:17,129 GlobalTag Success!

2023-12-21 19:36:17,130 GlobalLabel
2023-12-21 19:36:17,136 GlobalLabel Success!

2023-12-21 19:36:17,137 GlobalMarker
2023-12-21 19:36:17,143 GlobalMarker Success!

2023-12-21 19:36:17,144 Faq
2023-12-21 19:36:17,154 Faq Success!

2023-12-21 19:36:17,155 Contact
2023-12-21 19:36:17,163 Contact Success!

2023-12-21 19:36:17,163 ItemAttributeValue
2023-12-21 19:36:17,169 ItemAttributeValue Success!

2023-12-21 19:36:17,169 CatalogueConfig
2023-12-21 19:36:17,171 CatalogueConfig Success!

2023-12-21 19:36:17,172 Item
2023-12-21 19:36:17,202 Item Success!

2023-12-21 19:36:17,203 Order
2023-12-21 19:36:17,217 Order Success!

2023-12-21 19:36:17,217 CartItemAttribute
2023-12-21 19:36:17,218 CartItemAttribute Success!

2023-12-21 19:36:17,219 Coupon
2023-12-21 19:36:17,223 Coupon Success!

2023-12-21 19:36:17,224 LiqpayConfig
2023-12-21 19:36:17,230 LiqpayConfig Success!

2023-12-21 19:36:17,230 LiqpayTransaction
2023-12-21 19:36:17,268 LiqpayTransaction Success!

2023-12-21 19:36:17,268 Banner
2023-12-21 19:36:17,274 Banner Success!

2023-12-21 19:36:17,275 BigBanner
2023-12-21 19:36:17,283 BigBanner Success!

2023-12-21 19:36:17,283 ConsultationContact
2023-12-21 19:36:17,289 ConsultationContact Success!

2023-12-21 19:36:17,289 AddresContactForm
2023-12-21 19:36:17,293 AddresContactForm Success!

2023-12-21 19:36:17,294 FooterPhone
2023-12-21 19:36:17,297 FooterPhone Success!

2023-12-21 19:36:17,297 FooterAddres
2023-12-21 19:36:17,301 FooterAddres Success!

2023-12-21 19:36:17,301 Redirect
2023-12-21 19:36:17,304 Redirect Success!

2023-12-21 19:36:17,304 GlobalRecipientEmail
2023-12-21 19:36:17,307 GlobalRecipientEmail Success!

2023-12-21 19:36:17,308 SeoScript
2023-12-21 19:36:17,313 SeoScript Success!

2023-12-21 19:36:17,313 ParseCurrency
2023-12-21 19:36:17,316 ParseCurrency Success!

2023-12-21 19:36:17,316 OrderAdditionalPrice
2023-12-21 19:36:17,319 OrderAdditionalPrice Success!

2023-12-21 19:36:17,319 Payment
2023-12-21 19:36:17,321 Payment Success!

2023-12-21 19:36:17,322 ItemReview
2023-12-21 19:36:17,329 ItemReview Success!

2023-12-21 19:36:17,329 UnrealContent
2023-12-21 19:36:17,337 UnrealContent Success!

2023-12-21 19:36:17,339 Map
2023-12-21 19:36:17,343 Map Success!

2023-12-21 19:36:17,343 Img
2023-12-21 19:36:17,351 Img Success!

2023-12-21 19:36:17,351 Text
2023-12-21 19:36:17,358 Text Success!

2023-12-21 19:36:17,359 Address
2023-12-21 19:36:17,368 Address Success!

2023-12-21 19:36:17,369 Tel
2023-12-21 19:36:17,375 Tel Success!

2023-12-21 19:36:17,376 Mailto
2023-12-21 19:36:17,383 Mailto Success!

2023-12-21 19:36:17,384 Link
2023-12-21 19:36:17,390 Link Success!

2023-12-21 19:36:17,391 Slider
2023-12-21 19:36:17,395 Slider Success!

2023-12-21 19:36:17,395 ContactRecipientEmail
2023-12-21 19:36:17,398 ContactRecipientEmail Success!

2023-12-21 19:36:17,398 Attribute
2023-12-21 19:36:17,404 Attribute Success!

2023-12-21 19:36:17,405 CatalogRecipientEmail
2023-12-21 19:36:17,407 CatalogRecipientEmail Success!

2023-12-21 19:36:17,407 OrderRecipientEmail
2023-12-21 19:36:17,411 OrderRecipientEmail Success!

2023-12-21 19:36:17,411 OrderStatus
2023-12-21 19:36:17,418 OrderStatus Success!

2023-12-21 19:36:17,418 Settlement
2023-12-21 19:36:27,007 Imported: 8545 of 8545
2023-12-21 19:36:27,016 Settlement Success!

2023-12-21 19:36:27,016 Warehouse
2023-12-21 19:36:54,862 Imported: 23134 of 23134
2023-12-21 19:36:54,888 Warehouse Success!

2023-12-21 19:36:54,889 EmailAddress
2023-12-21 19:36:54,894 EmailAddress Success!

2023-12-21 19:36:54,894 SocialAccount
2023-12-21 19:36:54,898 SocialAccount Success!

2023-12-21 19:36:54,898 Cart
2023-12-21 19:36:54,900 Cart Success!

2023-12-21 19:36:54,901 SocialToken
2023-12-21 19:36:54,905 SocialToken Success!

2023-12-21 19:36:54,905 ItemAttribute
2023-12-21 19:36:54,906 ItemAttribute Success!

2023-12-21 19:36:54,907 ItemFeature
2023-12-21 19:36:54,910 ItemFeature Success!

2023-12-21 19:36:54,910 ItemView
2023-12-21 19:36:54,914 ItemView Success!

2023-12-21 19:36:54,914 ItemImage
2023-12-21 19:36:54,921 ItemImage Success!

2023-12-21 19:36:54,921 ItemRequest
2023-12-21 19:36:54,927 ItemRequest Success!

2023-12-21 19:36:54,927 CartItem
2023-12-21 19:36:54,929 CartItem Success!

2023-12-21 19:36:54,929 FavourItem
2023-12-21 19:36:54,931 FavourItem Success!

2023-12-21 19:36:54,931 Slide
2023-12-21 19:36:54,948 Slide Success!

2023-12-21 19:36:54,948 AttributeValue
2023-12-21 19:36:54,955 AttributeValue Success!

2023-12-21 19:36:54,956 EmailConfirmation
2023-12-21 19:36:54,958 EmailConfirmation Success!

2023-12-21 19:36:54,959 ItemCategory
2023-12-21 19:36:54,987 ItemCategory Success!

2024-01-02 18:53:29,919 Site
2024-01-02 18:53:29,921 Site Success!

2024-01-02 18:53:29,921 SocialApp
2024-01-02 18:53:29,923 SocialApp Success!

2024-01-02 18:53:29,923 GlobalConfig
2024-01-02 18:53:29,929 GlobalConfig Success!

2024-01-02 18:53:29,929 CurrencyConfig
2024-01-02 18:53:29,929 CurrencyConfig Success!

2024-01-02 18:53:29,929 Currency
2024-01-02 18:53:29,932 Currency Success!

2024-01-02 18:53:29,932 Page
2024-01-02 18:53:29,942 Page Success!

2024-01-02 18:53:29,942 ContactConfig
2024-01-02 18:53:29,942 ContactConfig Success!

2024-01-02 18:53:29,942 AttributeCategory
2024-01-02 18:53:29,944 AttributeCategory Success!

2024-01-02 18:53:29,944 FeatureCategory
2024-01-02 18:53:29,946 FeatureCategory Success!

2024-01-02 18:53:29,946 FeatureValue
2024-01-02 18:53:29,950 FeatureValue Success!

2024-01-02 18:53:29,950 Feature
2024-01-02 18:53:29,952 Feature Success!

2024-01-02 18:53:29,952 ItemUnit
2024-01-02 18:53:29,954 ItemUnit Success!

2024-01-02 18:53:29,954 ItemBrand
2024-01-02 18:53:29,964 ItemBrand Success!

2024-01-02 18:53:29,964 ItemManufacturer
2024-01-02 18:53:29,966 ItemManufacturer Success!

2024-01-02 18:53:29,967 ItemStock
2024-01-02 18:53:29,969 ItemStock Success!

2024-01-02 18:53:29,969 ItemColor
2024-01-02 18:53:29,970 ItemColor Success!

2024-01-02 18:53:29,970 CatalogConfig
2024-01-02 18:53:29,970 CatalogConfig Success!

2024-01-02 18:53:29,970 OrderConfig
2024-01-02 18:53:29,971 OrderConfig Success!

2024-01-02 18:53:29,971 SettlementType
2024-01-02 18:53:29,981 Imported: 4 of 4
2024-01-02 18:53:29,982 SettlementType Success!

2024-01-02 18:53:29,982 WarehouseType
2024-01-02 18:53:29,986 Imported: 5 of 5
2024-01-02 18:53:29,987 WarehouseType Success!

2024-01-02 18:53:29,987 Area
2024-01-02 18:53:29,999 Imported: 25 of 25
2024-01-02 18:53:29,999 Area Success!

2024-01-02 18:53:29,999 ProjectUser
2024-01-02 18:53:30,003 ProjectUser Success!

2024-01-02 18:53:30,003 Theme
2024-01-02 18:53:30,013 Theme Success!

2024-01-02 18:53:30,013 FlatPage
2024-01-02 18:53:30,015 FlatPage Success!

2024-01-02 18:53:30,015 Token
2024-01-02 18:53:30,016 Token Success!

2024-01-02 18:53:30,016 TokenProxy
2024-01-02 18:53:30,016 TokenProxy Success!

2024-01-02 18:53:30,016 GlobalTag
2024-01-02 18:53:30,018 GlobalTag Success!

2024-01-02 18:53:30,019 GlobalLabel
2024-01-02 18:53:30,021 GlobalLabel Success!

2024-01-02 18:53:30,021 GlobalMarker
2024-01-02 18:53:30,023 GlobalMarker Success!

2024-01-02 18:53:30,023 Faq
2024-01-02 18:53:30,026 Faq Success!

2024-01-02 18:53:30,026 Contact
2024-01-02 18:53:30,029 Contact Success!

2024-01-02 18:53:30,029 ItemAttributeValue
2024-01-02 18:53:30,031 ItemAttributeValue Success!

2024-01-02 18:53:30,031 CatalogueConfig
2024-01-02 18:53:30,031 CatalogueConfig Success!

2024-01-02 18:53:30,031 Item
2024-01-02 18:53:30,042 Item Success!

2024-01-02 18:53:30,042 Order
2024-01-02 18:53:30,047 Order Success!

2024-01-02 18:53:30,047 CartItemAttribute
2024-01-02 18:53:30,047 CartItemAttribute Success!

2024-01-02 18:53:30,047 Coupon
2024-01-02 18:53:30,049 Coupon Success!

2024-01-02 18:53:30,049 LiqpayConfig
2024-01-02 18:53:30,050 LiqpayConfig Success!

2024-01-02 18:53:30,050 LiqpayTransaction
2024-01-02 18:53:30,063 LiqpayTransaction Success!

2024-01-02 18:53:30,063 Banner
2024-01-02 18:53:30,065 Banner Success!

2024-01-02 18:53:30,065 BigBanner
2024-01-02 18:53:30,067 BigBanner Success!

2024-01-02 18:53:30,067 ConsultationContact
2024-01-02 18:53:30,068 ConsultationContact Success!

2024-01-02 18:53:30,068 AddresContactForm
2024-01-02 18:53:30,070 AddresContactForm Success!

2024-01-02 18:53:30,070 FooterPhone
2024-01-02 18:53:30,071 FooterPhone Success!

2024-01-02 18:53:30,071 FooterAddres
2024-01-02 18:53:30,072 FooterAddres Success!

2024-01-02 18:53:30,072 Redirect
2024-01-02 18:53:30,073 Redirect Success!

2024-01-02 18:53:30,073 GlobalRecipientEmail
2024-01-02 18:53:30,073 GlobalRecipientEmail Success!

2024-01-02 18:53:30,074 SeoScript
2024-01-02 18:53:30,075 SeoScript Success!

2024-01-02 18:53:30,075 ParseCurrency
2024-01-02 18:53:30,076 ParseCurrency Success!

2024-01-02 18:53:30,076 OrderAdditionalPrice
2024-01-02 18:53:30,077 OrderAdditionalPrice Success!

2024-01-02 18:53:30,077 Payment
2024-01-02 18:53:30,077 Payment Success!

2024-01-02 18:53:30,077 ItemReview
2024-01-02 18:53:30,080 ItemReview Success!

2024-01-02 18:53:30,080 UnrealContent
2024-01-02 18:53:30,083 UnrealContent Success!

2024-01-02 18:53:30,083 Map
2024-01-02 18:53:30,084 Map Success!

2024-01-02 18:53:30,084 Img
2024-01-02 18:53:30,087 Img Success!

2024-01-02 18:53:30,087 Text
2024-01-02 18:53:30,089 Text Success!

2024-01-02 18:53:30,089 Address
2024-01-02 18:53:30,092 Address Success!

2024-01-02 18:53:30,092 Tel
2024-01-02 18:53:30,094 Tel Success!

2024-01-02 18:53:30,094 Mailto
2024-01-02 18:53:30,097 Mailto Success!

2024-01-02 18:53:30,097 Link
2024-01-02 18:53:30,099 Link Success!

2024-01-02 18:53:30,100 Slider
2024-01-02 18:53:30,101 Slider Success!

2024-01-02 18:53:30,101 ContactRecipientEmail
2024-01-02 18:53:30,102 ContactRecipientEmail Success!

2024-01-02 18:53:30,102 Attribute
2024-01-02 18:53:30,104 Attribute Success!

2024-01-02 18:53:30,104 CatalogRecipientEmail
2024-01-02 18:53:30,104 CatalogRecipientEmail Success!

2024-01-02 18:53:30,104 OrderRecipientEmail
2024-01-02 18:53:30,106 OrderRecipientEmail Success!

2024-01-02 18:53:30,106 OrderStatus
2024-01-02 18:53:30,108 OrderStatus Success!

2024-01-02 18:53:30,108 Settlement
2024-01-02 18:53:36,390 Imported: 8545 of 8545
2024-01-02 18:53:36,398 Settlement Success!

2024-01-02 18:53:36,398 Warehouse
2024-01-02 18:53:54,939 Imported: 23134 of 23134
2024-01-02 18:53:54,972 Warehouse Success!

2024-01-02 18:53:54,972 EmailAddress
2024-01-02 18:53:54,977 EmailAddress Success!

2024-01-02 18:53:54,977 SocialAccount
2024-01-02 18:53:54,979 SocialAccount Success!

2024-01-02 18:53:54,979 Cart
2024-01-02 18:53:54,980 Cart Success!

2024-01-02 18:53:54,980 SocialToken
2024-01-02 18:53:54,981 SocialToken Success!

2024-01-02 18:53:54,981 ItemAttribute
2024-01-02 18:53:54,981 ItemAttribute Success!

2024-01-02 18:53:54,981 ItemFeature
2024-01-02 18:53:54,982 ItemFeature Success!

2024-01-02 18:53:54,982 ItemView
2024-01-02 18:53:54,983 ItemView Success!

2024-01-02 18:53:54,983 ItemImage
2024-01-02 18:53:54,989 ItemImage Success!

2024-01-02 18:53:54,989 ItemRequest
2024-01-02 18:53:54,992 ItemRequest Success!

2024-01-02 18:53:54,992 CartItem
2024-01-02 18:53:54,992 CartItem Success!

2024-01-02 18:53:54,992 FavourItem
2024-01-02 18:53:54,993 FavourItem Success!

2024-01-02 18:53:54,993 Slide
2024-01-02 18:53:54,998 Slide Success!

2024-01-02 18:53:54,998 AttributeValue
2024-01-02 18:53:55,001 AttributeValue Success!

2024-01-02 18:53:55,001 EmailConfirmation
2024-01-02 18:53:55,002 EmailConfirmation Success!

2024-01-02 18:53:55,002 ItemCategory
2024-01-02 18:53:55,011 ItemCategory Success!

2024-01-02 18:55:10,960 Site
2024-01-02 18:55:10,962 Site Success!

2024-01-02 18:55:10,962 SocialApp
2024-01-02 18:55:10,964 SocialApp Success!

2024-01-02 18:55:10,964 GlobalConfig
2024-01-02 18:55:10,970 GlobalConfig Success!

2024-01-02 18:55:10,970 CurrencyConfig
2024-01-02 18:55:10,971 CurrencyConfig Success!

2024-01-02 18:55:10,971 Currency
2024-01-02 18:55:10,973 Currency Success!

2024-01-02 18:55:10,973 Page
2024-01-02 18:55:10,982 Page Success!

2024-01-02 18:55:10,982 ContactConfig
2024-01-02 18:55:10,984 ContactConfig Success!

2024-01-02 18:55:10,984 AttributeCategory
2024-01-02 18:55:10,987 AttributeCategory Success!

2024-01-02 18:55:10,987 FeatureCategory
2024-01-02 18:55:10,989 FeatureCategory Success!

2024-01-02 18:55:10,989 FeatureValue
2024-01-02 18:55:10,991 FeatureValue Success!

2024-01-02 18:55:10,991 Feature
2024-01-02 18:55:10,994 Feature Success!

2024-01-02 18:55:10,994 ItemUnit
2024-01-02 18:55:10,996 ItemUnit Success!

2024-01-02 18:55:10,996 ItemBrand
2024-01-02 18:55:11,006 ItemBrand Success!

2024-01-02 18:55:11,006 ItemManufacturer
2024-01-02 18:55:11,008 ItemManufacturer Success!

2024-01-02 18:55:11,008 ItemStock
2024-01-02 18:55:11,010 ItemStock Success!

2024-01-02 18:55:11,010 ItemColor
2024-01-02 18:55:11,012 ItemColor Success!

2024-01-02 18:55:11,012 CatalogConfig
2024-01-02 18:55:11,012 CatalogConfig Success!

2024-01-02 18:55:11,012 OrderConfig
2024-01-02 18:55:11,012 OrderConfig Success!

2024-01-02 18:55:11,012 SettlementType
2024-01-02 18:55:11,024 Imported: 4 of 4
2024-01-02 18:55:11,025 SettlementType Success!

2024-01-02 18:55:11,025 WarehouseType
2024-01-02 18:55:11,029 Imported: 5 of 5
2024-01-02 18:55:11,029 WarehouseType Success!

2024-01-02 18:55:11,029 Area
2024-01-02 18:55:11,040 Imported: 25 of 25
2024-01-02 18:55:11,040 Area Success!

2024-01-02 18:55:11,040 ProjectUser
2024-01-02 18:55:11,044 ProjectUser Success!

2024-01-02 18:55:11,044 Theme
2024-01-02 18:55:11,055 Theme Success!

2024-01-02 18:55:11,055 FlatPage
2024-01-02 18:55:11,056 FlatPage Success!

2024-01-02 18:55:11,057 Token
2024-01-02 18:55:11,057 Token Success!

2024-01-02 18:55:11,057 TokenProxy
2024-01-02 18:55:11,058 TokenProxy Success!

2024-01-02 18:55:11,058 GlobalTag
2024-01-02 18:55:11,060 GlobalTag Success!

2024-01-02 18:55:11,060 GlobalLabel
2024-01-02 18:55:11,062 GlobalLabel Success!

2024-01-02 18:55:11,062 GlobalMarker
2024-01-02 18:55:11,064 GlobalMarker Success!

2024-01-02 18:55:11,064 Faq
2024-01-02 18:55:11,068 Faq Success!

2024-01-02 18:55:11,068 Contact
2024-01-02 18:55:11,070 Contact Success!

2024-01-02 18:55:11,070 ItemAttributeValue
2024-01-02 18:55:11,072 ItemAttributeValue Success!

2024-01-02 18:55:11,072 CatalogueConfig
2024-01-02 18:55:11,072 CatalogueConfig Success!

2024-01-02 18:55:11,072 Item
2024-01-02 18:55:11,084 Item Success!

2024-01-02 18:55:11,084 Order
2024-01-02 18:55:11,089 Order Success!

2024-01-02 18:55:11,089 CartItemAttribute
2024-01-02 18:55:11,090 CartItemAttribute Success!

2024-01-02 18:55:11,090 Coupon
2024-01-02 18:55:11,091 Coupon Success!

2024-01-02 18:55:11,091 LiqpayConfig
2024-01-02 18:55:11,093 LiqpayConfig Success!

2024-01-02 18:55:11,093 LiqpayTransaction
2024-01-02 18:55:11,106 LiqpayTransaction Success!

2024-01-02 18:55:11,106 Banner
2024-01-02 18:55:11,107 Banner Success!

2024-01-02 18:55:11,107 BigBanner
2024-01-02 18:55:11,109 BigBanner Success!

2024-01-02 18:55:11,109 ConsultationContact
2024-01-02 18:55:11,111 ConsultationContact Success!

2024-01-02 18:55:11,111 AddresContactForm
2024-01-02 18:55:11,113 AddresContactForm Success!

2024-01-02 18:55:11,113 FooterPhone
2024-01-02 18:55:11,114 FooterPhone Success!

2024-01-02 18:55:11,114 FooterAddres
2024-01-02 18:55:11,115 FooterAddres Success!

2024-01-02 18:55:11,115 Redirect
2024-01-02 18:55:11,115 Redirect Success!

2024-01-02 18:55:11,116 GlobalRecipientEmail
2024-01-02 18:55:11,117 GlobalRecipientEmail Success!

2024-01-02 18:55:11,117 SeoScript
2024-01-02 18:55:11,118 SeoScript Success!

2024-01-02 18:55:11,118 ParseCurrency
2024-01-02 18:55:11,119 ParseCurrency Success!

2024-01-02 18:55:11,119 OrderAdditionalPrice
2024-01-02 18:55:11,120 OrderAdditionalPrice Success!

2024-01-02 18:55:11,120 Payment
2024-01-02 18:55:11,121 Payment Success!

2024-01-02 18:55:11,121 ItemReview
2024-01-02 18:55:11,124 ItemReview Success!

2024-01-02 18:55:11,124 UnrealContent
2024-01-02 18:55:11,127 UnrealContent Success!

2024-01-02 18:55:11,127 Map
2024-01-02 18:55:11,128 Map Success!

2024-01-02 18:55:11,128 Img
2024-01-02 18:55:11,131 Img Success!

2024-01-02 18:55:11,131 Text
2024-01-02 18:55:11,133 Text Success!

2024-01-02 18:55:11,133 Address
2024-01-02 18:55:11,136 Address Success!

2024-01-02 18:55:11,136 Tel
2024-01-02 18:55:11,138 Tel Success!

2024-01-02 18:55:11,138 Mailto
2024-01-02 18:55:11,141 Mailto Success!

2024-01-02 18:55:11,141 Link
2024-01-02 18:55:11,144 Link Success!

2024-01-02 18:55:11,144 Slider
2024-01-02 18:55:11,145 Slider Success!

2024-01-02 18:55:11,145 ContactRecipientEmail
2024-01-02 18:55:11,146 ContactRecipientEmail Success!

2024-01-02 18:55:11,146 Attribute
2024-01-02 18:55:11,148 Attribute Success!

2024-01-02 18:55:11,148 CatalogRecipientEmail
2024-01-02 18:55:11,149 CatalogRecipientEmail Success!

2024-01-02 18:55:11,149 OrderRecipientEmail
2024-01-02 18:55:11,151 OrderRecipientEmail Success!

2024-01-02 18:55:11,151 OrderStatus
2024-01-02 18:55:11,153 OrderStatus Success!

2024-01-02 18:55:11,154 Settlement
2024-01-02 18:55:19,255 Imported: 8545 of 8545
2024-01-02 18:55:19,261 Settlement Success!

2024-01-02 18:55:19,261 Warehouse
2024-01-02 18:55:42,742 Imported: 23134 of 23134
2024-01-02 18:55:42,767 Warehouse Success!

2024-01-02 18:55:42,767 EmailAddress
2024-01-02 18:55:42,772 EmailAddress Success!

2024-01-02 18:55:42,772 SocialAccount
2024-01-02 18:55:42,774 SocialAccount Success!

2024-01-02 18:55:42,774 Cart
2024-01-02 18:55:42,775 Cart Success!

2024-01-02 18:55:42,775 SocialToken
2024-01-02 18:55:42,776 SocialToken Success!

2024-01-02 18:55:42,776 ItemAttribute
2024-01-02 18:55:42,777 ItemAttribute Success!

2024-01-02 18:55:42,777 ItemFeature
2024-01-02 18:55:42,777 ItemFeature Success!

2024-01-02 18:55:42,777 ItemView
2024-01-02 18:55:42,779 ItemView Success!

2024-01-02 18:55:42,780 ItemImage
2024-01-02 18:55:42,782 ItemImage Success!

2024-01-02 18:55:42,782 ItemRequest
2024-01-02 18:55:42,785 ItemRequest Success!

2024-01-02 18:55:42,785 CartItem
2024-01-02 18:55:42,785 CartItem Success!

2024-01-02 18:55:42,785 FavourItem
2024-01-02 18:55:42,786 FavourItem Success!

2024-01-02 18:55:42,786 Slide
2024-01-02 18:55:42,791 Slide Success!

2024-01-02 18:55:42,791 AttributeValue
2024-01-02 18:55:42,793 AttributeValue Success!

2024-01-02 18:55:42,793 EmailConfirmation
2024-01-02 18:55:42,794 EmailConfirmation Success!

2024-01-02 18:55:42,794 ItemCategory
2024-01-02 18:55:42,804 ItemCategory Success!

2024-01-02 19:07:27,072 Site
2024-01-02 19:07:27,073 Site Success!

2024-01-02 19:07:27,073 SocialApp
2024-01-02 19:07:27,076 SocialApp Success!

2024-01-02 19:07:27,076 GlobalConfig
2024-01-02 19:07:27,081 GlobalConfig Success!

2024-01-02 19:07:27,081 CurrencyConfig
2024-01-02 19:07:27,082 CurrencyConfig Success!

2024-01-02 19:07:27,082 Currency
2024-01-02 19:07:27,084 Currency Success!

2024-01-02 19:07:27,084 Page
2024-01-02 19:07:27,093 Page Success!

2024-01-02 19:07:27,093 ContactConfig
2024-01-02 19:07:27,093 ContactConfig Success!

2024-01-02 19:07:27,093 AttributeCategory
2024-01-02 19:07:27,095 AttributeCategory Success!

2024-01-02 19:07:27,095 FeatureCategory
2024-01-02 19:07:27,097 FeatureCategory Success!

2024-01-02 19:07:27,097 FeatureValue
2024-01-02 19:07:27,100 FeatureValue Success!

2024-01-02 19:07:27,100 Feature
2024-01-02 19:07:27,102 Feature Success!

2024-01-02 19:07:27,102 ItemUnit
2024-01-02 19:07:27,104 ItemUnit Success!

2024-01-02 19:07:27,104 ItemBrand
2024-01-02 19:07:27,114 ItemBrand Success!

2024-01-02 19:07:27,114 ItemManufacturer
2024-01-02 19:07:27,116 ItemManufacturer Success!

2024-01-02 19:07:27,116 ItemStock
2024-01-02 19:07:27,118 ItemStock Success!

2024-01-02 19:07:27,118 ItemColor
2024-01-02 19:07:27,120 ItemColor Success!

2024-01-02 19:07:27,120 CatalogConfig
2024-01-02 19:07:27,120 CatalogConfig Success!

2024-01-02 19:07:27,120 OrderConfig
2024-01-02 19:07:27,121 OrderConfig Success!

2024-01-02 19:07:27,121 SettlementType
2024-01-02 19:07:27,133 Imported: 4 of 4
2024-01-02 19:07:27,134 SettlementType Success!

2024-01-02 19:07:27,134 WarehouseType
2024-01-02 19:07:27,137 Imported: 5 of 5
2024-01-02 19:07:27,138 WarehouseType Success!

2024-01-02 19:07:27,138 Area
2024-01-02 19:07:27,149 Imported: 25 of 25
2024-01-02 19:07:27,149 Area Success!

2024-01-02 19:07:27,150 ProjectUser
2024-01-02 19:07:27,153 ProjectUser Success!

2024-01-02 19:07:27,153 Theme
2024-01-02 19:07:27,164 Theme Success!

2024-01-02 19:07:27,164 FlatPage
2024-01-02 19:07:27,165 FlatPage Success!

2024-01-02 19:07:27,165 Token
2024-01-02 19:07:27,166 Token Success!

2024-01-02 19:07:27,166 TokenProxy
2024-01-02 19:07:27,166 TokenProxy Success!

2024-01-02 19:07:27,166 GlobalTag
2024-01-02 19:07:27,168 GlobalTag Success!

2024-01-02 19:07:27,169 GlobalLabel
2024-01-02 19:07:27,171 GlobalLabel Success!

2024-01-02 19:07:27,171 GlobalMarker
2024-01-02 19:07:27,172 GlobalMarker Success!

2024-01-02 19:07:27,172 Faq
2024-01-02 19:07:27,176 Faq Success!

2024-01-02 19:07:27,176 Contact
2024-01-02 19:07:27,179 Contact Success!

2024-01-02 19:07:27,179 ItemAttributeValue
2024-01-02 19:07:27,181 ItemAttributeValue Success!

2024-01-02 19:07:27,181 CatalogueConfig
2024-01-02 19:07:27,181 CatalogueConfig Success!

2024-01-02 19:07:27,181 Item
2024-01-02 19:07:27,192 Item Success!

2024-01-02 19:07:27,192 Order
2024-01-02 19:07:27,196 Order Success!

2024-01-02 19:07:27,196 CartItemAttribute
2024-01-02 19:07:27,197 CartItemAttribute Success!

2024-01-02 19:07:27,197 Coupon
2024-01-02 19:07:27,198 Coupon Success!

2024-01-02 19:07:27,198 LiqpayConfig
2024-01-02 19:07:27,200 LiqpayConfig Success!

2024-01-02 19:07:27,200 LiqpayTransaction
2024-01-02 19:07:27,212 LiqpayTransaction Success!

2024-01-02 19:07:27,212 Banner
2024-01-02 19:07:27,214 Banner Success!

2024-01-02 19:07:27,214 BigBanner
2024-01-02 19:07:27,216 BigBanner Success!

2024-01-02 19:07:27,216 ConsultationContact
2024-01-02 19:07:27,218 ConsultationContact Success!

2024-01-02 19:07:27,218 AddresContactForm
2024-01-02 19:07:27,219 AddresContactForm Success!

2024-01-02 19:07:27,219 FooterPhone
2024-01-02 19:07:27,220 FooterPhone Success!

2024-01-02 19:07:27,220 FooterAddres
2024-01-02 19:07:27,221 FooterAddres Success!

2024-01-02 19:07:27,221 Redirect
2024-01-02 19:07:27,221 Redirect Success!

2024-01-02 19:07:27,221 GlobalRecipientEmail
2024-01-02 19:07:27,222 GlobalRecipientEmail Success!

2024-01-02 19:07:27,222 SeoScript
2024-01-02 19:07:27,224 SeoScript Success!

2024-01-02 19:07:27,224 ParseCurrency
2024-01-02 19:07:27,225 ParseCurrency Success!

2024-01-02 19:07:27,225 OrderAdditionalPrice
2024-01-02 19:07:27,226 OrderAdditionalPrice Success!

2024-01-02 19:07:27,226 Payment
2024-01-02 19:07:27,226 Payment Success!

2024-01-02 19:07:27,226 ItemReview
2024-01-02 19:07:27,229 ItemReview Success!

2024-01-02 19:07:27,229 UnrealContent
2024-01-02 19:07:27,232 UnrealContent Success!

2024-01-02 19:07:27,232 Map
2024-01-02 19:07:27,233 Map Success!

2024-01-02 19:07:27,233 Img
2024-01-02 19:07:27,235 Img Success!

2024-01-02 19:07:27,235 Text
2024-01-02 19:07:27,237 Text Success!

2024-01-02 19:07:27,237 Address
2024-01-02 19:07:27,240 Address Success!

2024-01-02 19:07:27,240 Tel
2024-01-02 19:07:27,243 Tel Success!

2024-01-02 19:07:27,243 Mailto
2024-01-02 19:07:27,246 Mailto Success!

2024-01-02 19:07:27,246 Link
2024-01-02 19:07:27,248 Link Success!

2024-01-02 19:07:27,248 Slider
2024-01-02 19:07:27,250 Slider Success!

2024-01-02 19:07:27,250 ContactRecipientEmail
2024-01-02 19:07:27,250 ContactRecipientEmail Success!

2024-01-02 19:07:27,250 Attribute
2024-01-02 19:07:27,253 Attribute Success!

2024-01-02 19:07:27,253 CatalogRecipientEmail
2024-01-02 19:07:27,254 CatalogRecipientEmail Success!

2024-01-02 19:07:27,254 OrderRecipientEmail
2024-01-02 19:07:27,254 OrderRecipientEmail Success!

2024-01-02 19:07:27,254 OrderStatus
2024-01-02 19:07:27,256 OrderStatus Success!

2024-01-02 19:07:27,256 Settlement
2024-01-02 19:07:34,911 Imported: 8545 of 8545
2024-01-02 19:07:34,915 Settlement Success!

2024-01-02 19:07:34,915 Warehouse
2024-01-02 19:07:56,999 Imported: 23134 of 23134
2024-01-02 19:07:57,016 Warehouse Success!

2024-01-02 19:07:57,016 EmailAddress
2024-01-02 19:07:57,025 EmailAddress Success!

2024-01-02 19:07:57,025 SocialAccount
2024-01-02 19:07:57,027 SocialAccount Success!

2024-01-02 19:07:57,027 Cart
2024-01-02 19:07:57,028 Cart Success!

2024-01-02 19:07:57,028 SocialToken
2024-01-02 19:07:57,029 SocialToken Success!

2024-01-02 19:07:57,029 ItemAttribute
2024-01-02 19:07:57,029 ItemAttribute Success!

2024-01-02 19:07:57,030 ItemFeature
2024-01-02 19:07:57,030 ItemFeature Success!

2024-01-02 19:07:57,030 ItemView
2024-01-02 19:07:57,031 ItemView Success!

2024-01-02 19:07:57,032 ItemImage
2024-01-02 19:07:57,034 ItemImage Success!

2024-01-02 19:07:57,034 ItemRequest
2024-01-02 19:07:57,035 ItemRequest Success!

2024-01-02 19:07:57,035 CartItem
2024-01-02 19:07:57,036 CartItem Success!

2024-01-02 19:07:57,036 FavourItem
2024-01-02 19:07:57,036 FavourItem Success!

2024-01-02 19:07:57,036 Slide
2024-01-02 19:07:57,042 Slide Success!

2024-01-02 19:07:57,042 AttributeValue
2024-01-02 19:07:57,045 AttributeValue Success!

2024-01-02 19:07:57,045 EmailConfirmation
2024-01-02 19:07:57,046 EmailConfirmation Success!

2024-01-02 19:07:57,046 ItemCategory
2024-01-02 19:07:57,056 ItemCategory Success!

2024-01-03 15:54:02,887 Site
2024-01-03 15:54:02,888 Site Success!

2024-01-03 15:54:02,888 SocialApp
2024-01-03 15:54:02,890 SocialApp Success!

2024-01-03 15:54:02,890 GlobalConfig
2024-01-03 15:54:02,896 GlobalConfig Success!

2024-01-03 15:54:02,896 CurrencyConfig
2024-01-03 15:54:02,897 CurrencyConfig Success!

2024-01-03 15:54:02,897 Currency
2024-01-03 15:54:02,899 Currency Success!

2024-01-03 15:54:02,899 Page
2024-01-03 15:54:02,909 Page Success!

2024-01-03 15:54:02,909 ContactConfig
2024-01-03 15:54:02,910 ContactConfig Success!

2024-01-03 15:54:02,910 AttributeCategory
2024-01-03 15:54:02,911 AttributeCategory Success!

2024-01-03 15:54:02,911 FeatureCategory
2024-01-03 15:54:02,914 FeatureCategory Success!

2024-01-03 15:54:02,914 FeatureValue
2024-01-03 15:54:02,916 FeatureValue Success!

2024-01-03 15:54:02,916 Feature
2024-01-03 15:54:02,919 Feature Success!

2024-01-03 15:54:02,919 ItemUnit
2024-01-03 15:54:02,920 ItemUnit Success!

2024-01-03 15:54:02,920 ItemBrand
2024-01-03 15:54:02,931 ItemBrand Success!

2024-01-03 15:54:02,931 ItemManufacturer
2024-01-03 15:54:02,933 ItemManufacturer Success!

2024-01-03 15:54:02,933 ItemStock
2024-01-03 15:54:02,935 ItemStock Success!

2024-01-03 15:54:02,936 ItemColor
2024-01-03 15:54:02,937 ItemColor Success!

2024-01-03 15:54:02,937 CatalogConfig
2024-01-03 15:54:02,937 CatalogConfig Success!

2024-01-03 15:54:02,937 OrderConfig
2024-01-03 15:54:02,938 OrderConfig Success!

2024-01-03 15:54:02,938 SettlementType
2024-01-03 15:54:02,946 Imported: 4 of 4
2024-01-03 15:54:02,946 SettlementType Success!

2024-01-03 15:54:02,946 WarehouseType
2024-01-03 15:54:02,950 Imported: 5 of 5
2024-01-03 15:54:02,951 WarehouseType Success!

2024-01-03 15:54:02,951 Area
2024-01-03 15:54:02,961 Imported: 25 of 25
2024-01-03 15:54:02,962 Area Success!

2024-01-03 15:54:02,962 ProjectUser
2024-01-03 15:54:02,966 ProjectUser Success!

2024-01-03 15:54:02,966 Theme
2024-01-03 15:54:02,976 Theme Success!

2024-01-03 15:54:02,976 FlatPage
2024-01-03 15:54:02,978 FlatPage Success!

2024-01-03 15:54:02,978 Token
2024-01-03 15:54:02,978 Token Success!

2024-01-03 15:54:02,978 TokenProxy
2024-01-03 15:54:02,979 TokenProxy Success!

2024-01-03 15:54:02,979 GlobalTag
2024-01-03 15:54:02,981 GlobalTag Success!

2024-01-03 15:54:02,981 GlobalLabel
2024-01-03 15:54:02,983 GlobalLabel Success!

2024-01-03 15:54:02,983 GlobalMarker
2024-01-03 15:54:02,985 GlobalMarker Success!

2024-01-03 15:54:02,985 Faq
2024-01-03 15:54:02,989 Faq Success!

2024-01-03 15:54:02,989 Contact
2024-01-03 15:54:02,991 Contact Success!

2024-01-03 15:54:02,991 ItemAttributeValue
2024-01-03 15:54:02,993 ItemAttributeValue Success!

2024-01-03 15:54:02,993 CatalogueConfig
2024-01-03 15:54:02,993 CatalogueConfig Success!

2024-01-03 15:54:02,993 Item
2024-01-03 15:54:03,004 Item Success!

2024-01-03 15:54:03,004 Order
2024-01-03 15:54:03,009 Order Success!

2024-01-03 15:54:03,009 CartItemAttribute
2024-01-03 15:54:03,009 CartItemAttribute Success!

2024-01-03 15:54:03,009 Coupon
2024-01-03 15:54:03,011 Coupon Success!

2024-01-03 15:54:03,011 LiqpayConfig
2024-01-03 15:54:03,012 LiqpayConfig Success!

2024-01-03 15:54:03,012 LiqpayTransaction
2024-01-03 15:54:03,025 LiqpayTransaction Success!

2024-01-03 15:54:03,025 Banner
2024-01-03 15:54:03,027 Banner Success!

2024-01-03 15:54:03,027 BigBanner
2024-01-03 15:54:03,029 BigBanner Success!

2024-01-03 15:54:03,029 ConsultationContact
2024-01-03 15:54:03,031 ConsultationContact Success!

2024-01-03 15:54:03,031 AddresContactForm
2024-01-03 15:54:03,032 AddresContactForm Success!

2024-01-03 15:54:03,032 FooterPhone
2024-01-03 15:54:03,034 FooterPhone Success!

2024-01-03 15:54:03,034 FooterAddres
2024-01-03 15:54:03,034 FooterAddres Success!

2024-01-03 15:54:03,034 Redirect
2024-01-03 15:54:03,035 Redirect Success!

2024-01-03 15:54:03,035 GlobalRecipientEmail
2024-01-03 15:54:03,036 GlobalRecipientEmail Success!

2024-01-03 15:54:03,036 SeoScript
2024-01-03 15:54:03,038 SeoScript Success!

2024-01-03 15:54:03,038 ParseCurrency
2024-01-03 15:54:03,038 ParseCurrency Success!

2024-01-03 15:54:03,038 OrderAdditionalPrice
2024-01-03 15:54:03,039 OrderAdditionalPrice Success!

2024-01-03 15:54:03,039 Payment
2024-01-03 15:54:03,040 Payment Success!

2024-01-03 15:54:03,040 ItemReview
2024-01-03 15:54:03,042 ItemReview Success!

2024-01-03 15:54:03,042 UnrealContent
2024-01-03 15:54:03,045 UnrealContent Success!

2024-01-03 15:54:03,045 Map
2024-01-03 15:54:03,046 Map Success!

2024-01-03 15:54:03,046 Img
2024-01-03 15:54:03,049 Img Success!

2024-01-03 15:54:03,049 Text
2024-01-03 15:54:03,051 Text Success!

2024-01-03 15:54:03,051 Address
2024-01-03 15:54:03,053 Address Success!

2024-01-03 15:54:03,053 Tel
2024-01-03 15:54:03,055 Tel Success!

2024-01-03 15:54:03,056 Mailto
2024-01-03 15:54:03,058 Mailto Success!

2024-01-03 15:54:03,058 Link
2024-01-03 15:54:03,061 Link Success!

2024-01-03 15:54:03,061 Slider
2024-01-03 15:54:03,062 Slider Success!

2024-01-03 15:54:03,062 ContactRecipientEmail
2024-01-03 15:54:03,063 ContactRecipientEmail Success!

2024-01-03 15:54:03,063 Attribute
2024-01-03 15:54:03,065 Attribute Success!

2024-01-03 15:54:03,065 CatalogRecipientEmail
2024-01-03 15:54:03,066 CatalogRecipientEmail Success!

2024-01-03 15:54:03,066 OrderRecipientEmail
2024-01-03 15:54:03,066 OrderRecipientEmail Success!

2024-01-03 15:54:03,066 OrderStatus
2024-01-03 15:54:03,068 OrderStatus Success!

2024-01-03 15:54:03,068 Settlement
2024-01-03 15:54:10,686 Imported: 8545 of 8545
2024-01-03 15:54:10,690 Settlement Success!

2024-01-03 15:54:10,691 Warehouse
2024-01-03 15:54:32,636 Imported: 23134 of 23134
2024-01-03 15:54:32,667 Warehouse Success!

2024-01-03 15:54:32,667 EmailAddress
2024-01-03 15:54:32,673 EmailAddress Success!

2024-01-03 15:54:32,673 SocialAccount
2024-01-03 15:54:32,675 SocialAccount Success!

2024-01-03 15:54:32,675 Cart
2024-01-03 15:54:32,675 Cart Success!

2024-01-03 15:54:32,675 SocialToken
2024-01-03 15:54:32,677 SocialToken Success!

2024-01-03 15:54:32,677 ItemAttribute
2024-01-03 15:54:32,677 ItemAttribute Success!

2024-01-03 15:54:32,677 ItemFeature
2024-01-03 15:54:32,678 ItemFeature Success!

2024-01-03 15:54:32,678 ItemView
2024-01-03 15:54:32,679 ItemView Success!

2024-01-03 15:54:32,679 ItemImage
2024-01-03 15:54:32,681 ItemImage Success!

2024-01-03 15:54:32,681 ItemRequest
2024-01-03 15:54:32,683 ItemRequest Success!

2024-01-03 15:54:32,683 CartItem
2024-01-03 15:54:32,684 CartItem Success!

2024-01-03 15:54:32,684 FavourItem
2024-01-03 15:54:32,684 FavourItem Success!

2024-01-03 15:54:32,684 Slide
2024-01-03 15:54:32,700 Slide Success!

2024-01-03 15:54:32,700 AttributeValue
2024-01-03 15:54:32,703 AttributeValue Success!

2024-01-03 15:54:32,703 EmailConfirmation
2024-01-03 15:54:32,705 EmailConfirmation Success!

2024-01-03 15:54:32,705 ItemCategory
2024-01-03 15:54:32,719 ItemCategory Success!

